<?xml version="1.0" encoding="UTF-8"?>
<!-- Generated by org.testng.reporters.JUnitReportReporter -->
<testsuite hostname="MT-5CD119LDW3" failures="0" tests="1" name="com.bigsmall.testCases.CorporateGiftsValidation" time="8.860" errors="0" timestamp="2021-11-22T14:08:49 IST" skipped="0">
  <testcase classname="com.bigsmall.testCases.CorporateGiftsValidation" name="corporateGifts" time="8.860"/>
  <system-out/>
</testsuite> <!-- com.bigsmall.testCases.CorporateGiftsValidation -->
